<?xml version="1.0" encoding="UTF-8"?>
<!-- Generated by org.testng.reporters.JUnitReportReporter -->
<testsuite hostname="Reka" failures="0" tests="8" name="testRunner.TestNgRunner" time="68.772" errors="0" timestamp="2025-03-24T15:58:49 CDT" skipped="0">
  <testcase classname="testRunner.TestNgRunner" name="runScenario" time="9.571"/>
  <testcase classname="testRunner.TestNgRunner" name="runScenario" time="8.943"/>
  <testcase classname="testRunner.TestNgRunner" name="runScenario" time="9.688"/>
  <testcase classname="testRunner.TestNgRunner" name="runScenario" time="6.728"/>
  <testcase classname="testRunner.TestNgRunner" name="runScenario" time="6.887"/>
  <testcase classname="testRunner.TestNgRunner" name="runScenario" time="10.032"/>
  <testcase classname="testRunner.TestNgRunner" name="runScenario" time="6.852"/>
  <testcase classname="testRunner.TestNgRunner" name="runScenario" time="10.071"/>
</testsuite> <!-- testRunner.TestNgRunner -->
