<?xml version="1.0" encoding="UTF-8"?>
<!-- Generated by org.testng.reporters.JUnitReportReporter -->
<testsuite hostname="Reka" failures="0" tests="12" name="testRunner.TestNgRunner" time="0.296" errors="0" timestamp="2025-03-24T11:15:22 CDT" skipped="0">
  <testcase classname="testRunner.TestNgRunner" name="runScenario" time="0.003"/>
  <testcase classname="testRunner.TestNgRunner" name="runScenario" time="0.009"/>
  <testcase classname="testRunner.TestNgRunner" name="runScenario" time="0.003"/>
  <testcase classname="testRunner.TestNgRunner" name="runScenario" time="0.003"/>
  <testcase classname="testRunner.TestNgRunner" name="runScenario" time="0.066"/>
  <testcase classname="testRunner.TestNgRunner" name="runScenario" time="0.005"/>
  <testcase classname="testRunner.TestNgRunner" name="runScenario" time="0.003"/>
  <testcase classname="testRunner.TestNgRunner" name="runScenario" time="0.066"/>
  <testcase classname="testRunner.TestNgRunner" name="runScenario" time="0.066"/>
  <testcase classname="testRunner.TestNgRunner" name="runScenario" time="0.003"/>
  <testcase classname="testRunner.TestNgRunner" name="runScenario" time="0.066"/>
  <testcase classname="testRunner.TestNgRunner" name="runScenario" time="0.003"/>
</testsuite> <!-- testRunner.TestNgRunner -->
