<?xml version="1.0" encoding="UTF-8"?>
<!-- Generated by org.testng.reporters.JUnitReportReporter -->
<testsuite hostname="Reka" failures="0" tests="4" name="testRunner.TestNgRunner" time="47.836" errors="0" timestamp="2025-03-27T15:58:04 CDT" skipped="0">
  <testcase classname="testRunner.TestNgRunner" name="runScenario" time="12.758"/>
  <testcase classname="testRunner.TestNgRunner" name="runScenario" time="12.232"/>
  <testcase classname="testRunner.TestNgRunner" name="runScenario" time="10.904"/>
  <testcase classname="testRunner.TestNgRunner" name="runScenario" time="11.942"/>
</testsuite> <!-- testRunner.TestNgRunner -->
